<?xml version="1.0" encoding="UTF-8"?>
<!-- Generated by org.testng.reporters.JUnitXMLReporter -->
<testsuite hostname="neelimas-air.lan" ignored="0" name="/Users/neelima/GitHome/TestNGProject/src/test/java/org.dwivedi.listeners.ListenerTest" tests="6" failures="0" timestamp="2020-05-21T15:15:00 PDT" time="0.117" errors="0">
  <testcase name="testcase_2" time="0.009" classname="org.dwivedi.dependsOn.DependsOnMethodsTestCase"/>
  <testcase name="testcase_1" time="0.005" classname="org.dwivedi.dependsOn.DependsOnMethodsTestCase"/>
  <testcase name="testCase1" time="0.016" classname="org.dwivedi.listeners.ListenerTest"/>
  <testcase name="testCase3" time="0.002" classname="org.dwivedi.listeners.ListenerTest">
    <skipped/>
  </testcase> <!-- testCase3 -->
  <testcase name="skipTest" time="0.0" classname="org.dwivedi.testng.SkipExceptionTest">
    <skipped/>
  </testcase> <!-- skipTest -->
  <testcase name="nonSkipTest" time="0.001" classname="org.dwivedi.testng.SkipExceptionTest"/>
</testsuite> <!-- /Users/neelima/GitHome/TestNGProject/src/test/java/org.dwivedi.listeners.ListenerTest -->
